#
# There is insufficient memory for the Java Runtime Environment to continue.
# Native memory allocation (mmap) failed to map 268435456 bytes. Error detail: G1 virtual space
# Possible reasons:
#   The system is out of physical RAM or swap space
#   This process is running with CompressedOops enabled, and the Java Heap may be blocking the growth of the native heap
# Possible solutions:
#   Reduce memory load on the system
#   Increase physical memory or swap space
#   Check if swap backing store is full
#   Decrease Java heap size (-Xmx/-Xms)
#   Decrease number of Java threads
#   Decrease Java thread stack sizes (-Xss)
#   Set larger code cache with -XX:ReservedCodeCacheSize=
#   JVM is running with Zero Based Compressed Oops mode in which the Java heap is
#     placed in the first 32GB address space. The Java Heap base address is the
#     maximum limit for the native heap growth. Please use -XX:HeapBaseMinAddress
#     to set the Java Heap base and to place the Java Heap above 32GB virtual address.
# This output file may be truncated or incomplete.
#
#  Out of Memory Error (os_windows.cpp:3815), pid=7820, tid=15256
#
# JRE version:  (21.0.3) (build )
# Java VM: OpenJDK 64-Bit Server VM (21.0.3+-12282718-b509.11, mixed mode, sharing, tiered, compressed oops, compressed class ptrs, g1 gc, windows-amd64)
# No core dump will be written. Minidumps are not enabled by default on client versions of Windows
#

---------------  S U M M A R Y ------------

Command Line: git4idea.http.GitAskPassApp Username for 'https://github.com': 

Host: Intel(R) Core(TM) i5-6500T CPU @ 2.50GHz, 4 cores, 15G,  Windows 11 , 64 bit Build 22621 (10.0.22621.3958)
Time: Sat Mar 15 10:18:58 2025 India Standard Time elapsed time: 0.046733 seconds (0d 0h 0m 0s)

---------------  T H R E A D  ---------------

Current thread (0x0000015e3235f8b0):  JavaThread "Unknown thread" [_thread_in_vm, id=15256, stack(0x00000052c1600000,0x00000052c1700000) (1024K)]

Stack: [0x00000052c1600000,0x00000052c1700000]
Native frames: (J=compiled Java code, j=interpreted, Vv=VM code, C=native code)
V  [jvm.dll+0x6cafb9]
V  [jvm.dll+0x858523]
V  [jvm.dll+0x85aa7e]
V  [jvm.dll+0x85b163]
V  [jvm.dll+0x27d356]
V  [jvm.dll+0x6c7865]
V  [jvm.dll+0x6bbd3a]
V  [jvm.dll+0x35199b]
V  [jvm.dll+0x3595d6]
V  [jvm.dll+0x3aa826]
V  [jvm.dll+0x3aaaf8]
V  [jvm.dll+0x3240bc]
V  [jvm.dll+0x324dab]
V  [jvm.dll+0x81fd89]
V  [jvm.dll+0x3b7c08]
V  [jvm.dll+0x80921d]
V  [jvm.dll+0x44c05e]
V  [jvm.dll+0x44d6b1]
C  [jli.dll+0x52ab]
C  [ucrtbase.dll+0x29333]
C  [KERNEL32.DLL+0x1257d]
C  [ntdll.dll+0x5af08]


---------------  P R O C E S S  ---------------

Threads class SMR info:
_java_thread_list=0x00007ff8eec457c8, length=0, elements={
}

Java Threads: ( => current thread )
Total: 0

Other Threads:
  0x0000015e323bb310 WorkerThread "GC Thread#0"                     [id=15568, stack(0x00000052c1700000,0x00000052c1800000) (1024K)]
  0x0000015e323cbf50 ConcurrentGCThread "G1 Main Marker"            [id=3620, stack(0x00000052c1800000,0x00000052c1900000) (1024K)]
  0x0000015e323ccad0 WorkerThread "G1 Conc#0"                       [id=13964, stack(0x00000052c1900000,0x00000052c1a00000) (1024K)]

[error occurred during error reporting (printing all threads), id 0xc0000005, EXCEPTION_ACCESS_VIOLATION (0xc0000005) at pc=0x00007ff8ee447197]
VM state: not at safepoint (not fully initialized)

VM Mutex/Monitor currently owned by a thread:  ([mutex/lock_event])
[0x00007ff8eecb21c8] Heap_lock - owner thread: 0x0000015e3235f8b0

Heap address: 0x0000000701a00000, size: 4070 MB, Compressed Oops mode: Zero based, Oop shift amount: 3

CDS archive(s) mapped at: [0x0000000000000000-0x0000000000000000-0x0000000000000000), size 0, SharedBaseAddress: 0x0000000800000000, ArchiveRelocationMode: 1.
Narrow klass base: 0x0000000000000000, Narrow klass shift: 0, Narrow klass range: 0x0

GC Precious Log:
 CardTable entry size: 512
 Card Set container configuration: InlinePtr #cards 4 size 8 Array Of Cards #cards 16 size 48 Howl #buckets 8 coarsen threshold 3686 Howl Bitmap #cards 512 size 80 coarsen threshold 460 Card regions per heap region 1 cards per card region 4096

Heap:
 garbage-first heap   total 0K, used 0K [0x0000000701a00000, 0x0000000800000000)
  region size 2048K, 0 young (0K), 0 survivors (0K)
 Metaspace       used 0K, committed 0K, reserved 0K
  class space    used 0K, committed 0K, reserved 0K

Heap Regions: E=young(eden), S=young(survivor), O=old, HS=humongous(starts), HC=humongous(continues), CS=collection set, F=free, TAMS=top-at-mark-start, PB=parsable bottom

Card table byte_map: [0x0000015e44ca0000,0x0000015e454a0000] _byte_map_base: 0x0000015e41493000

Marking Bits: (CMBitMap*) 0x0000015e323bb820
 Bits: [0x0000015e454a0000, 0x0000015e49438000)

GC Heap History (0 events):
No events

Dll operation events (1 events):
Event: 0.015 Loaded shared library C:\Program Files\Android\Android Studio\jbr\bin\java.dll

Deoptimization events (0 events):
No events

Classes loaded (0 events):
No events

Classes unloaded (0 events):
No events

Classes redefined (0 events):
No events

Internal exceptions (0 events):
No events

ZGC Phase Switch (0 events):
No events

VM Operations (0 events):
No events

Events (0 events):
No events


Dynamic libraries:
0x00007ff640fd0000 - 0x00007ff640fda000 	C:\Program Files\Android\Android Studio\jbr\bin\java.exe
0x00007ff96cbb0000 - 0x00007ff96cdc7000 	C:\Windows\SYSTEM32\ntdll.dll
0x00007ff96b230000 - 0x00007ff96b2f4000 	C:\Windows\System32\KERNEL32.DLL
0x00007ff96a4f0000 - 0x00007ff96a8a7000 	C:\Windows\System32\KERNELBASE.dll
0x00007ff96a3d0000 - 0x00007ff96a4e1000 	C:\Windows\System32\ucrtbase.dll
0x00007ff964c70000 - 0x00007ff964c88000 	C:\Program Files\Android\Android Studio\jbr\bin\jli.dll
0x00007ff96b300000 - 0x00007ff96b4af000 	C:\Windows\System32\USER32.dll
0x00007ff96a150000 - 0x00007ff96a176000 	C:\Windows\System32\win32u.dll
0x00007ff96c380000 - 0x00007ff96c3a9000 	C:\Windows\System32\GDI32.dll
0x00007ff969ec0000 - 0x00007ff969fd8000 	C:\Windows\System32\gdi32full.dll
0x00007ff96a2c0000 - 0x00007ff96a35a000 	C:\Windows\System32\msvcp_win.dll
0x00007ff9636b0000 - 0x00007ff9636cb000 	C:\Program Files\Android\Android Studio\jbr\bin\VCRUNTIME140.dll
0x00007ff94e5d0000 - 0x00007ff94e863000 	C:\Windows\WinSxS\amd64_microsoft.windows.common-controls_6595b64144ccf1df_6.0.22621.3672_none_2713b9d173822955\COMCTL32.dll
0x00007ff96c3b0000 - 0x00007ff96c457000 	C:\Windows\System32\msvcrt.dll
0x00007ff96ab10000 - 0x00007ff96ab41000 	C:\Windows\System32\IMM32.DLL
0x00007ff947940000 - 0x00007ff94794c000 	C:\Program Files\Android\Android Studio\jbr\bin\vcruntime140_1.dll
0x00007ff946e10000 - 0x00007ff946e9d000 	C:\Program Files\Android\Android Studio\jbr\bin\msvcp140.dll
0x00007ff8ee110000 - 0x00007ff8eed8d000 	C:\Program Files\Android\Android Studio\jbr\bin\server\jvm.dll
0x00007ff96abd0000 - 0x00007ff96ac82000 	C:\Windows\System32\ADVAPI32.dll
0x00007ff96c5c0000 - 0x00007ff96c668000 	C:\Windows\System32\sechost.dll
0x00007ff96a8b0000 - 0x00007ff96a8d8000 	C:\Windows\System32\bcrypt.dll
0x00007ff96a940000 - 0x00007ff96aa54000 	C:\Windows\System32\RPCRT4.dll
0x00007ff96c0d0000 - 0x00007ff96c141000 	C:\Windows\System32\WS2_32.dll
0x00007ff969ce0000 - 0x00007ff969d2d000 	C:\Windows\SYSTEM32\POWRPROF.dll
0x00007ff95dfc0000 - 0x00007ff95dff4000 	C:\Windows\SYSTEM32\WINMM.dll
0x00007ff965fc0000 - 0x00007ff965fca000 	C:\Windows\SYSTEM32\VERSION.dll
0x00007ff969bc0000 - 0x00007ff969bd3000 	C:\Windows\SYSTEM32\UMPDC.dll
0x00007ff968f10000 - 0x00007ff968f28000 	C:\Windows\SYSTEM32\kernel.appcore.dll
0x00007ff947930000 - 0x00007ff94793a000 	C:\Program Files\Android\Android Studio\jbr\bin\jimage.dll
0x00007ff94e390000 - 0x00007ff94e5c2000 	C:\Windows\SYSTEM32\DBGHELP.DLL
0x00007ff96ada0000 - 0x00007ff96b12e000 	C:\Windows\System32\combase.dll
0x00007ff96bfe0000 - 0x00007ff96c0b7000 	C:\Windows\System32\OLEAUT32.dll
0x00007ff951f70000 - 0x00007ff951fa2000 	C:\Windows\SYSTEM32\dbgcore.DLL
0x00007ff96a180000 - 0x00007ff96a1fb000 	C:\Windows\System32\bcryptPrimitives.dll
0x00007ff946960000 - 0x00007ff94697f000 	C:\Program Files\Android\Android Studio\jbr\bin\java.dll

dbghelp: loaded successfully - version: 4.0.5 - missing functions: none
symbol engine: initialized successfully - sym options: 0x614 - pdb path: .;C:\Program Files\Android\Android Studio\jbr\bin;C:\Windows\SYSTEM32;C:\Windows\WinSxS\amd64_microsoft.windows.common-controls_6595b64144ccf1df_6.0.22621.3672_none_2713b9d173822955;C:\Program Files\Android\Android Studio\jbr\bin\server

VM Arguments:
java_command: git4idea.http.GitAskPassApp Username for 'https://github.com': 
java_class_path (initial): C:/Program Files/Android/Android Studio/plugins/vcs-git/lib/git4idea-rt.jar;C:/Program Files/Android/Android Studio/lib/externalProcess-rt.jar
Launcher Type: SUN_STANDARD

[Global flags]
     intx CICompilerCount                          = 3                                         {product} {ergonomic}
     uint ConcGCThreads                            = 1                                         {product} {ergonomic}
     uint G1ConcRefinementThreads                  = 4                                         {product} {ergonomic}
   size_t G1HeapRegionSize                         = 2097152                                   {product} {ergonomic}
    uintx GCDrainStackTargetSize                   = 64                                        {product} {ergonomic}
   size_t InitialHeapSize                          = 268435456                                 {product} {ergonomic}
   size_t MarkStackSize                            = 4194304                                   {product} {ergonomic}
   size_t MaxHeapSize                              = 4267704320                                {product} {ergonomic}
   size_t MinHeapDeltaBytes                        = 2097152                                   {product} {ergonomic}
   size_t MinHeapSize                              = 8388608                                   {product} {ergonomic}
    uintx NonNMethodCodeHeapSize                   = 5832780                                {pd product} {ergonomic}
    uintx NonProfiledCodeHeapSize                  = 122912730                              {pd product} {ergonomic}
    uintx ProfiledCodeHeapSize                     = 122912730                              {pd product} {ergonomic}
    uintx ReservedCodeCacheSize                    = 251658240                              {pd product} {ergonomic}
     bool SegmentedCodeCache                       = true                                      {product} {ergonomic}
   size_t SoftMaxHeapSize                          = 4267704320                             {manageable} {ergonomic}
     bool UseCompressedOops                        = true                           {product lp64_product} {ergonomic}
     bool UseG1GC                                  = true                                      {product} {ergonomic}
     bool UseLargePagesIndividualAllocation        = false                                  {pd product} {ergonomic}

Logging:
Log output configuration:
 #0: stdout all=warning uptime,level,tags foldmultilines=false
 #1: stderr all=off uptime,level,tags foldmultilines=false

Environment Variables:
PATH=C:/Program Files/Git/mingw64/libexec/git-core;C:/Program Files/Git/mingw64/libexec/git-core;C:\Program Files\Git\mingw64\bin;C:\Program Files\Git\usr\bin;C:\Users\Lenovo\bin;C:\Python312\Scripts\;C:\Python312\;C:\Windows\system32;C:\Windows;C:\Windows\System32\Wbem;C:\Windows\System32\WindowsPowerShell\v1.0\;C:\Windows\System32\OpenSSH\;C:\Program Files\Intel\WiFi\bin\;C:\Program Files\Common Files\Intel\WirelessCommon\;C:\Program Files\nodejs\;C:\ProgramData\chocolatey\bin;C:\Program Files\PuTTY\;C:\Program Files\Git\cmd;C:\Users\Lenovo\AppData\Local\Programs\Python\Python313\Scripts\;C:\Users\Lenovo\AppData\Local\Programs\Python\Python313\;C:\Python312\Scripts\;C:\Python312\;C:\Windows\system32;C:\Windows;C:\Windows\System32\Wbem;C:\Windows\System32\WindowsPowerShell\v1.0\;C:\Windows\System32\OpenSSH\;C:\Program Files\Intel\WiFi\bin\;C:\Program Files\Common Files\Intel\WirelessCommon\;C:\Program Files\nodejs\;C:\ProgramData\chocolatey\bin;C:\Program Files\PuTTY\;C:\Users\Lenovo\AppData\Local\Microsoft\WindowsApps;C:\Users\Lenovo\AppData\Local\Programs\Microsoft VS Code\bin;C:\Users\Lenovo\AppData\Local\Microsoft\WinGet\Packages\Schniz.fnm_Microsoft.Winget.Source_8wekyb3d8bbwe;C:\Users\Lenovo\AppData\Roaming\npm;C:\Users\YourUsername\AppData\Roaming\npm
USERNAME=Lenovo
DISPLAY=:0.0
LC_ALL=en_US.UTF-8
TERM=xterm-256color
TMPDIR=C:\Users\Lenovo\AppData\Local\Temp
OS=Windows_NT
PROCESSOR_IDENTIFIER=Intel64 Family 6 Model 94 Stepping 3, GenuineIntel
TMP=C:\Users\Lenovo\AppData\Local\Temp
TEMP=C:\Users\Lenovo\AppData\Local\Temp




Periodic native trim disabled

JNI global refs:
JNI global refs: 0, weak refs: 0

JNI global refs memory usage: 0, weak refs: 0

Process memory usage:
Resident Set Size: 11460K (0% of 16666324K total physical memory with 496728K free physical memory)

OOME stack traces (most recent first):
Classloader memory used:

---------------  S Y S T E M  ---------------

OS:
 Windows 11 , 64 bit Build 22621 (10.0.22621.3958)
OS uptime: 2 days 13:52 hours

CPU: total 4 (initial active 4) (4 cores per cpu, 1 threads per core) family 6 model 94 stepping 3 microcode 0xec, cx8, cmov, fxsr, mmx, 3dnowpref, sse, sse2, sse3, ssse3, sse4.1, sse4.2, popcnt, lzcnt, tsc, tscinvbit, avx, avx2, aes, erms, clmul, bmi1, bmi2, rtm, adx, fma, vzeroupper, clflush, clflushopt, rdtscp, f16c
Processor Information for all 4 processors :
  Max Mhz: 2496, Current Mhz: 2496, Mhz Limit: 2496

Memory: 4k page, system-wide physical 16275M (485M free)
TotalPageFile size 31429M (AvailPageFile size 247M)
current process WorkingSet (physical memory assigned to process): 11M, peak: 11M
current process commit charge ("private bytes"): 51M, peak: 307M

vm_info: OpenJDK 64-Bit Server VM (21.0.3+-12282718-b509.11) for windows-amd64 JRE (21.0.3+-12282718-b509.11), built on 2024-08-27T17:34:15Z by "builder" with MS VC++ 16.10 / 16.11 (VS2019)

END.
